Arguments: 
  C:\Program Files\nodejs\node.exe C:\Program Files (x86)\Yarn\bin\yarn.js add primeng --save

PATH: 
  C:\Users\DELL\bin;C:\Program Files\Git\mingw64\bin;C:\Program Files\Git\usr\local\bin;C:\Program Files\Git\usr\bin;C:\Program Files\Git\usr\bin;C:\Program Files\Git\mingw64\bin;C:\Program Files\Git\usr\bin;C:\Users\DELL\bin;C:\ProgramData\Oracle\Java\javapath;C:\Windows\system32;C:\Windows;C:\Windows\System32\Wbem;C:\Windows\System32\WindowsPowerShell\v1.0;C:\Program Files\Git\cmd;C:\Program Files (x86)\Java\jdk1.8.0_144\bin;C:\Program Files (x86)\Java\jdk1.8.0_144\jre\bin;D:\TortoiseSVN\bin;C:\Program Files (x86)\Yarn\bin;C:\Program Files\nodejs;C:\Users\DELL\AppData\Local\Microsoft\WindowsApps;C:\Users\DELL\AppData\Local\atom\bin;D:\cmder;D:\Microsoft VS Code\bin;C:\Users\DELL\AppData\Local\Yarn\bin;C:\Users\DELL\AppData\Roaming\npm;C:\Program Files\Git\usr\bin\vendor_perl;C:\Program Files\Git\usr\bin\core_perl

Yarn version: 
  1.0.2

Node version: 
  8.6.0

Platform: 
  win32 x64

npm manifest: 
  {
    "name": "coreui-angular",
    "version": "1.0.0-alpha.6",
    "description": "Open Source Bootstrap Admin Template",
    "author": "",
    "url": "http://coreui.io",
    "copyright": "Copyright 2017 creativeLabs Åukasz Holeczek",
    "license": "MIT",
    "scripts": {
      "ng": "ng",
      "start": "ng serve --prod --extract-licenses=false",
      "build": "ng build",
      "test": "ng test",
      "lint": "ng lint",
      "e2e": "ng e2e"
    },
    "private": true,
    "dependencies": {
      "@angular/common": "4.3.4",
      "@angular/compiler": "4.3.4",
      "@angular/core": "4.3.4",
      "@angular/forms": "4.3.4",
      "@angular/http": "4.3.4",
      "@angular/platform-browser": "4.3.4",
      "@angular/platform-browser-dynamic": "4.3.4",
      "@angular/router": "4.3.4",
      "@angular/upgrade": "4.3.4",
      "chart.js": "2.6.0",
      "core-js": "2.5.0",
      "moment": "2.18.1",
      "ng2-charts": "1.6.0",
      "ngx-bootstrap": "1.9.3",
      "rxjs": "5.4.3",
      "sweetalert": "^2.0.8",
      "ts-helpers": "1.1.2",
      "zone.js": "0.8.16"
    },
    "devDependencies": {
      "@angular/cli": "1.3.0",
      "@angular/compiler-cli": "4.3.4",
      "@types/jasmine": "2.5.53",
      "@types/node": "8.0.20",
      "codelyzer": "3.1.2",
      "jasmine-core": "2.7.0",
      "jasmine-spec-reporter": "4.2.0",
      "karma": "1.7.0",
      "karma-chrome-launcher": "2.2.0",
      "karma-cli": "1.0.1",
      "karma-jasmine": "1.1.0",
      "karma-jasmine-html-reporter": "0.2.2",
      "karma-coverage-istanbul-reporter": "1.3.0",
      "protractor": "5.1.2",
      "ts-node": "3.3.0",
      "tslint": "5.6.0",
      "typescript": "2.4.2"
    },
    "engines": {
      "node": ">= 6.9.0",
      "npm": ">= 3.0.0"
    }
  }

yarn manifest: 
  No manifest

Lockfile: 
  No lockfile

Trace: 
  Error: ENOENT: no such file or directory, open 'E:\workspace\asset_management\node_modules\@angular\cli\node_modules\ansi-styles\package.json'
